[07-Sep-2022 17:25:15 UTC] PHP Parse error:  syntax error, unexpected '}', expecting ';' or ',' in /Users/davidcarrano/Local Sites/fictional-university-2/app/public/wp-content/themes/fictional-university-theme/index.php on line 4
[07-Sep-2022 17:34:04 UTC] PHP Warning:  An unexpected error occurred. Something may be wrong with WordPress.org or this server&#8217;s configuration. If you continue to have problems, please try the <a href="https://wordpress.org/support/forums/">support forums</a>. (WordPress could not establish a secure connection to WordPress.org. Please contact your server administrator.) in /Users/davidcarrano/Local Sites/fictional-university-2/app/public/wp-admin/includes/translation-install.php on line 68
[07-Sep-2022 17:34:04 UTC] PHP Stack trace:
[07-Sep-2022 17:34:04 UTC] PHP   1. {main}() /Users/davidcarrano/Local Sites/fictional-university-2/app/public/wp-admin/options-general.php:0
[07-Sep-2022 17:34:04 UTC] PHP   2. wp_get_available_translations() /Users/davidcarrano/Local Sites/fictional-university-2/app/public/wp-admin/options-general.php:160
[07-Sep-2022 17:34:04 UTC] PHP   3. translations_api() /Users/davidcarrano/Local Sites/fictional-university-2/app/public/wp-admin/includes/translation-install.php:133
[07-Sep-2022 17:34:04 UTC] PHP   4. trigger_error() /Users/davidcarrano/Local Sites/fictional-university-2/app/public/wp-admin/includes/translation-install.php:68
[07-Sep-2022 17:34:36 UTC] PHP Warning:  An unexpected error occurred. Something may be wrong with WordPress.org or this server&#8217;s configuration. If you continue to have problems, please try the <a href="https://wordpress.org/support/forums/">support forums</a>. (WordPress could not establish a secure connection to WordPress.org. Please contact your server administrator.) in /Users/davidcarrano/Local Sites/fictional-university-2/app/public/wp-admin/includes/translation-install.php on line 68
[07-Sep-2022 17:34:36 UTC] PHP Stack trace:
[07-Sep-2022 17:34:36 UTC] PHP   1. {main}() /Users/davidcarrano/Local Sites/fictional-university-2/app/public/wp-admin/options-general.php:0
[07-Sep-2022 17:34:36 UTC] PHP   2. wp_get_available_translations() /Users/davidcarrano/Local Sites/fictional-university-2/app/public/wp-admin/options-general.php:160
[07-Sep-2022 17:34:36 UTC] PHP   3. translations_api() /Users/davidcarrano/Local Sites/fictional-university-2/app/public/wp-admin/includes/translation-install.php:133
[07-Sep-2022 17:34:36 UTC] PHP   4. trigger_error() /Users/davidcarrano/Local Sites/fictional-university-2/app/public/wp-admin/includes/translation-install.php:68
[08-Sep-2022 22:05:52 UTC] PHP Warning:  Use of undefined constant get_the_ID - assumed 'get_the_ID' (this will throw an Error in a future version of PHP) in /Users/davidcarrano/Local Sites/fictional-university-2/app/public/wp-content/themes/fictional-university-theme/page.php on line 43
[08-Sep-2022 22:05:52 UTC] PHP Stack trace:
[08-Sep-2022 22:05:52 UTC] PHP   1. {main}() /Users/davidcarrano/Local Sites/fictional-university-2/app/public/index.php:0
[08-Sep-2022 22:05:52 UTC] PHP   2. require() /Users/davidcarrano/Local Sites/fictional-university-2/app/public/index.php:17
[08-Sep-2022 22:05:52 UTC] PHP   3. require_once() /Users/davidcarrano/Local Sites/fictional-university-2/app/public/wp-blog-header.php:19
[08-Sep-2022 22:05:52 UTC] PHP   4. include() /Users/davidcarrano/Local Sites/fictional-university-2/app/public/wp-includes/template-loader.php:106
[18-Sep-2022 12:34:13 UTC] PHP Warning:  An unexpected error occurred. Something may be wrong with WordPress.org or this server&#8217;s configuration. If you continue to have problems, please try the <a href="https://wordpress.org/support/forums/">support forums</a>. (WordPress could not establish a secure connection to WordPress.org. Please contact your server administrator.) in /Users/davidcarrano/Local Sites/fictional-university-2/app/public/wp-includes/update.php on line 410
[18-Sep-2022 12:34:13 UTC] PHP Stack trace:
[18-Sep-2022 12:34:13 UTC] PHP   1. {main}() /Users/davidcarrano/Local Sites/fictional-university-2/app/public/wp-cron.php:0
[18-Sep-2022 12:34:13 UTC] PHP   2. do_action_ref_array() /Users/davidcarrano/Local Sites/fictional-university-2/app/public/wp-cron.php:138
[18-Sep-2022 12:34:13 UTC] PHP   3. WP_Hook->do_action() /Users/davidcarrano/Local Sites/fictional-university-2/app/public/wp-includes/plugin.php:524
[18-Sep-2022 12:34:13 UTC] PHP   4. WP_Hook->apply_filters() /Users/davidcarrano/Local Sites/fictional-university-2/app/public/wp-includes/class-wp-hook.php:331
[18-Sep-2022 12:34:13 UTC] PHP   5. wp_update_plugins() /Users/davidcarrano/Local Sites/fictional-university-2/app/public/wp-includes/class-wp-hook.php:307
[18-Sep-2022 12:34:13 UTC] PHP   6. trigger_error() /Users/davidcarrano/Local Sites/fictional-university-2/app/public/wp-includes/update.php:410
[18-Sep-2022 12:34:13 UTC] PHP Warning:  An unexpected error occurred. Something may be wrong with WordPress.org or this server&#8217;s configuration. If you continue to have problems, please try the <a href="https://wordpress.org/support/forums/">support forums</a>. (WordPress could not establish a secure connection to WordPress.org. Please contact your server administrator.) in /Users/davidcarrano/Local Sites/fictional-university-2/app/public/wp-includes/update.php on line 690
[18-Sep-2022 12:34:13 UTC] PHP Stack trace:
[18-Sep-2022 12:34:13 UTC] PHP   1. {main}() /Users/davidcarrano/Local Sites/fictional-university-2/app/public/wp-cron.php:0
[18-Sep-2022 12:34:13 UTC] PHP   2. do_action_ref_array() /Users/davidcarrano/Local Sites/fictional-university-2/app/public/wp-cron.php:138
[18-Sep-2022 12:34:13 UTC] PHP   3. WP_Hook->do_action() /Users/davidcarrano/Local Sites/fictional-university-2/app/public/wp-includes/plugin.php:524
[18-Sep-2022 12:34:13 UTC] PHP   4. WP_Hook->apply_filters() /Users/davidcarrano/Local Sites/fictional-university-2/app/public/wp-includes/class-wp-hook.php:331
[18-Sep-2022 12:34:13 UTC] PHP   5. wp_update_themes() /Users/davidcarrano/Local Sites/fictional-university-2/app/public/wp-includes/class-wp-hook.php:307
[18-Sep-2022 12:34:13 UTC] PHP   6. trigger_error() /Users/davidcarrano/Local Sites/fictional-university-2/app/public/wp-includes/update.php:690
[18-Sep-2022 12:34:14 UTC] PHP Warning:  An unexpected error occurred. Something may be wrong with WordPress.org or this server&#8217;s configuration. If you continue to have problems, please try the <a href="https://wordpress.org/support/forums/">support forums</a>. (WordPress could not establish a secure connection to WordPress.org. Please contact your server administrator.) in /Users/davidcarrano/Local Sites/fictional-university-2/app/public/wp-admin/includes/update.php on line 143
[18-Sep-2022 12:34:14 UTC] PHP Stack trace:
[18-Sep-2022 12:34:14 UTC] PHP   1. {main}() /Users/davidcarrano/Local Sites/fictional-university-2/app/public/wp-cron.php:0
[18-Sep-2022 12:34:14 UTC] PHP   2. do_action_ref_array() /Users/davidcarrano/Local Sites/fictional-university-2/app/public/wp-cron.php:138
[18-Sep-2022 12:34:14 UTC] PHP   3. WP_Hook->do_action() /Users/davidcarrano/Local Sites/fictional-university-2/app/public/wp-includes/plugin.php:524
[18-Sep-2022 12:34:14 UTC] PHP   4. WP_Hook->apply_filters() /Users/davidcarrano/Local Sites/fictional-university-2/app/public/wp-includes/class-wp-hook.php:331
[18-Sep-2022 12:34:14 UTC] PHP   5. WP_Site_Health->wp_cron_scheduled_check() /Users/davidcarrano/Local Sites/fictional-university-2/app/public/wp-includes/class-wp-hook.php:307
[18-Sep-2022 12:34:14 UTC] PHP   6. WP_Site_Health->perform_test() /Users/davidcarrano/Local Sites/fictional-university-2/app/public/wp-admin/includes/class-wp-site-health.php:2787
[18-Sep-2022 12:34:14 UTC] PHP   7. WP_Site_Health->get_test_background_updates() /Users/davidcarrano/Local Sites/fictional-university-2/app/public/wp-admin/includes/class-wp-site-health.php:192
[18-Sep-2022 12:34:14 UTC] PHP   8. WP_Site_Health_Auto_Updates->run_tests() /Users/davidcarrano/Local Sites/fictional-university-2/app/public/wp-admin/includes/class-wp-site-health.php:1812
[18-Sep-2022 12:34:14 UTC] PHP   9. WP_Site_Health_Auto_Updates->test_all_files_writable() /Users/davidcarrano/Local Sites/fictional-university-2/app/public/wp-admin/includes/class-wp-site-health-auto-updates.php:37
[18-Sep-2022 12:34:14 UTC] PHP  10. get_core_checksums() /Users/davidcarrano/Local Sites/fictional-university-2/app/public/wp-admin/includes/class-wp-site-health-auto-updates.php:332
[18-Sep-2022 12:34:14 UTC] PHP  11. trigger_error() /Users/davidcarrano/Local Sites/fictional-university-2/app/public/wp-admin/includes/update.php:143
[18-Sep-2022 12:47:02 UTC] PHP Warning:  An unexpected error occurred. Something may be wrong with WordPress.org or this server&#8217;s configuration. If you continue to have problems, please try the <a href="https://wordpress.org/support/forums/">support forums</a>. (WordPress could not establish a secure connection to WordPress.org. Please contact your server administrator.) in /Users/davidcarrano/Local Sites/fictional-university-2/app/public/wp-admin/includes/plugin-install.php on line 183
[18-Sep-2022 12:47:02 UTC] PHP Stack trace:
[18-Sep-2022 12:47:02 UTC] PHP   1. {main}() /Users/davidcarrano/Local Sites/fictional-university-2/app/public/wp-admin/plugin-install.php:0
[18-Sep-2022 12:47:02 UTC] PHP   2. do_action() /Users/davidcarrano/Local Sites/fictional-university-2/app/public/wp-admin/plugin-install.php:196
[18-Sep-2022 12:47:02 UTC] PHP   3. WP_Hook->do_action() /Users/davidcarrano/Local Sites/fictional-university-2/app/public/wp-includes/plugin.php:476
[18-Sep-2022 12:47:02 UTC] PHP   4. WP_Hook->apply_filters() /Users/davidcarrano/Local Sites/fictional-university-2/app/public/wp-includes/class-wp-hook.php:331
[18-Sep-2022 12:47:02 UTC] PHP   5. install_dashboard() /Users/davidcarrano/Local Sites/fictional-university-2/app/public/wp-includes/class-wp-hook.php:307
[18-Sep-2022 12:47:02 UTC] PHP   6. install_popular_tags() /Users/davidcarrano/Local Sites/fictional-university-2/app/public/wp-admin/includes/plugin-install.php:277
[18-Sep-2022 12:47:02 UTC] PHP   7. plugins_api() /Users/davidcarrano/Local Sites/fictional-university-2/app/public/wp-admin/includes/plugin-install.php:252
[18-Sep-2022 12:47:02 UTC] PHP   8. trigger_error() /Users/davidcarrano/Local Sites/fictional-university-2/app/public/wp-admin/includes/plugin-install.php:183
[18-Sep-2022 12:48:00 UTC] PHP Warning:  An unexpected error occurred. Something may be wrong with WordPress.org or this server&#8217;s configuration. If you continue to have problems, please try the <a href="https://wordpress.org/support/forums/">support forums</a>. (WordPress could not establish a secure connection to WordPress.org. Please contact your server administrator.) in /Users/davidcarrano/Local Sites/fictional-university-2/app/public/wp-admin/includes/plugin-install.php on line 183
[18-Sep-2022 12:48:00 UTC] PHP Stack trace:
[18-Sep-2022 12:48:00 UTC] PHP   1. {main}() /Users/davidcarrano/Local Sites/fictional-university-2/app/public/wp-admin/plugin-install.php:0
[18-Sep-2022 12:48:00 UTC] PHP   2. do_action() /Users/davidcarrano/Local Sites/fictional-university-2/app/public/wp-admin/plugin-install.php:196
[18-Sep-2022 12:48:00 UTC] PHP   3. WP_Hook->do_action() /Users/davidcarrano/Local Sites/fictional-university-2/app/public/wp-includes/plugin.php:476
[18-Sep-2022 12:48:00 UTC] PHP   4. WP_Hook->apply_filters() /Users/davidcarrano/Local Sites/fictional-university-2/app/public/wp-includes/class-wp-hook.php:331
[18-Sep-2022 12:48:00 UTC] PHP   5. install_dashboard() /Users/davidcarrano/Local Sites/fictional-university-2/app/public/wp-includes/class-wp-hook.php:307
[18-Sep-2022 12:48:00 UTC] PHP   6. install_popular_tags() /Users/davidcarrano/Local Sites/fictional-university-2/app/public/wp-admin/includes/plugin-install.php:277
[18-Sep-2022 12:48:00 UTC] PHP   7. plugins_api() /Users/davidcarrano/Local Sites/fictional-university-2/app/public/wp-admin/includes/plugin-install.php:252
[18-Sep-2022 12:48:00 UTC] PHP   8. trigger_error() /Users/davidcarrano/Local Sites/fictional-university-2/app/public/wp-admin/includes/plugin-install.php:183
[22-Sep-2022 11:48:18 UTC] PHP Warning:  An unexpected error occurred. Something may be wrong with WordPress.org or this server&#8217;s configuration. If you continue to have problems, please try the <a href="https://wordpress.org/support/forums/">support forums</a>. (WordPress could not establish a secure connection to WordPress.org. Please contact your server administrator.) in /Users/davidcarrano/Local Sites/fictional-university-2/app/public/wp-includes/update.php on line 172
[22-Sep-2022 11:48:18 UTC] PHP Stack trace:
[22-Sep-2022 11:48:18 UTC] PHP   1. {main}() /Users/davidcarrano/Local Sites/fictional-university-2/app/public/wp-cron.php:0
[22-Sep-2022 11:48:18 UTC] PHP   2. do_action_ref_array() /Users/davidcarrano/Local Sites/fictional-university-2/app/public/wp-cron.php:138
[22-Sep-2022 11:48:18 UTC] PHP   3. WP_Hook->do_action() /Users/davidcarrano/Local Sites/fictional-university-2/app/public/wp-includes/plugin.php:524
[22-Sep-2022 11:48:18 UTC] PHP   4. WP_Hook->apply_filters() /Users/davidcarrano/Local Sites/fictional-university-2/app/public/wp-includes/class-wp-hook.php:331
[22-Sep-2022 11:48:18 UTC] PHP   5. wp_version_check() /Users/davidcarrano/Local Sites/fictional-university-2/app/public/wp-includes/class-wp-hook.php:307
[22-Sep-2022 11:48:18 UTC] PHP   6. trigger_error() /Users/davidcarrano/Local Sites/fictional-university-2/app/public/wp-includes/update.php:172
[22-Sep-2022 11:48:18 UTC] PHP Warning:  An unexpected error occurred. Something may be wrong with WordPress.org or this server&#8217;s configuration. If you continue to have problems, please try the <a href="https://wordpress.org/support/forums/">support forums</a>. (WordPress could not establish a secure connection to WordPress.org. Please contact your server administrator.) in /Users/davidcarrano/Local Sites/fictional-university-2/app/public/wp-includes/update.php on line 410
[22-Sep-2022 11:48:18 UTC] PHP Stack trace:
[22-Sep-2022 11:48:18 UTC] PHP   1. {main}() /Users/davidcarrano/Local Sites/fictional-university-2/app/public/wp-cron.php:0
[22-Sep-2022 11:48:18 UTC] PHP   2. do_action_ref_array() /Users/davidcarrano/Local Sites/fictional-university-2/app/public/wp-cron.php:138
[22-Sep-2022 11:48:18 UTC] PHP   3. WP_Hook->do_action() /Users/davidcarrano/Local Sites/fictional-university-2/app/public/wp-includes/plugin.php:524
[22-Sep-2022 11:48:18 UTC] PHP   4. WP_Hook->apply_filters() /Users/davidcarrano/Local Sites/fictional-university-2/app/public/wp-includes/class-wp-hook.php:331
[22-Sep-2022 11:48:18 UTC] PHP   5. wp_update_plugins() /Users/davidcarrano/Local Sites/fictional-university-2/app/public/wp-includes/class-wp-hook.php:307
[22-Sep-2022 11:48:18 UTC] PHP   6. trigger_error() /Users/davidcarrano/Local Sites/fictional-university-2/app/public/wp-includes/update.php:410
[22-Sep-2022 11:48:18 UTC] PHP Warning:  An unexpected error occurred. Something may be wrong with WordPress.org or this server&#8217;s configuration. If you continue to have problems, please try the <a href="https://wordpress.org/support/forums/">support forums</a>. (WordPress could not establish a secure connection to WordPress.org. Please contact your server administrator.) in /Users/davidcarrano/Local Sites/fictional-university-2/app/public/wp-includes/update.php on line 690
[22-Sep-2022 11:48:18 UTC] PHP Stack trace:
[22-Sep-2022 11:48:18 UTC] PHP   1. {main}() /Users/davidcarrano/Local Sites/fictional-university-2/app/public/wp-cron.php:0
[22-Sep-2022 11:48:18 UTC] PHP   2. do_action_ref_array() /Users/davidcarrano/Local Sites/fictional-university-2/app/public/wp-cron.php:138
[22-Sep-2022 11:48:18 UTC] PHP   3. WP_Hook->do_action() /Users/davidcarrano/Local Sites/fictional-university-2/app/public/wp-includes/plugin.php:524
[22-Sep-2022 11:48:18 UTC] PHP   4. WP_Hook->apply_filters() /Users/davidcarrano/Local Sites/fictional-university-2/app/public/wp-includes/class-wp-hook.php:331
[22-Sep-2022 11:48:18 UTC] PHP   5. wp_update_themes() /Users/davidcarrano/Local Sites/fictional-university-2/app/public/wp-includes/class-wp-hook.php:307
[22-Sep-2022 11:48:18 UTC] PHP   6. trigger_error() /Users/davidcarrano/Local Sites/fictional-university-2/app/public/wp-includes/update.php:690
[23-Sep-2022 15:00:38 UTC] PHP Warning:  An unexpected error occurred. Something may be wrong with WordPress.org or this server&#8217;s configuration. If you continue to have problems, please try the <a href="https://wordpress.org/support/forums/">support forums</a>. (WordPress could not establish a secure connection to WordPress.org. Please contact your server administrator.) in /Users/davidcarrano/Local Sites/fictional-university-2/app/public/wp-admin/includes/update.php on line 143
[23-Sep-2022 15:00:38 UTC] PHP Stack trace:
[23-Sep-2022 15:00:38 UTC] PHP   1. {main}() /Users/davidcarrano/Local Sites/fictional-university-2/app/public/wp-cron.php:0
[23-Sep-2022 15:00:38 UTC] PHP   2. do_action_ref_array() /Users/davidcarrano/Local Sites/fictional-university-2/app/public/wp-cron.php:138
[23-Sep-2022 15:00:38 UTC] PHP   3. WP_Hook->do_action() /Users/davidcarrano/Local Sites/fictional-university-2/app/public/wp-includes/plugin.php:524
[23-Sep-2022 15:00:38 UTC] PHP   4. WP_Hook->apply_filters() /Users/davidcarrano/Local Sites/fictional-university-2/app/public/wp-includes/class-wp-hook.php:331
[23-Sep-2022 15:00:38 UTC] PHP   5. WP_Site_Health->wp_cron_scheduled_check() /Users/davidcarrano/Local Sites/fictional-university-2/app/public/wp-includes/class-wp-hook.php:307
[23-Sep-2022 15:00:38 UTC] PHP   6. WP_Site_Health->perform_test() /Users/davidcarrano/Local Sites/fictional-university-2/app/public/wp-admin/includes/class-wp-site-health.php:2787
[23-Sep-2022 15:00:38 UTC] PHP   7. WP_Site_Health->get_test_background_updates() /Users/davidcarrano/Local Sites/fictional-university-2/app/public/wp-admin/includes/class-wp-site-health.php:192
[23-Sep-2022 15:00:38 UTC] PHP   8. WP_Site_Health_Auto_Updates->run_tests() /Users/davidcarrano/Local Sites/fictional-university-2/app/public/wp-admin/includes/class-wp-site-health.php:1812
[23-Sep-2022 15:00:38 UTC] PHP   9. WP_Site_Health_Auto_Updates->test_all_files_writable() /Users/davidcarrano/Local Sites/fictional-university-2/app/public/wp-admin/includes/class-wp-site-health-auto-updates.php:37
[23-Sep-2022 15:00:38 UTC] PHP  10. get_core_checksums() /Users/davidcarrano/Local Sites/fictional-university-2/app/public/wp-admin/includes/class-wp-site-health-auto-updates.php:332
[23-Sep-2022 15:00:38 UTC] PHP  11. trigger_error() /Users/davidcarrano/Local Sites/fictional-university-2/app/public/wp-admin/includes/update.php:143
[23-Sep-2022 15:00:39 UTC] PHP Warning:  An unexpected error occurred. Something may be wrong with WordPress.org or this server&#8217;s configuration. If you continue to have problems, please try the <a href="https://wordpress.org/support/forums/">support forums</a>. (WordPress could not establish a secure connection to WordPress.org. Please contact your server administrator.) in /Users/davidcarrano/Local Sites/fictional-university-2/app/public/wp-includes/update.php on line 410
[23-Sep-2022 15:00:39 UTC] PHP Stack trace:
[23-Sep-2022 15:00:39 UTC] PHP   1. {main}() /Users/davidcarrano/Local Sites/fictional-university-2/app/public/wp-cron.php:0
[23-Sep-2022 15:00:39 UTC] PHP   2. do_action_ref_array() /Users/davidcarrano/Local Sites/fictional-university-2/app/public/wp-cron.php:138
[23-Sep-2022 15:00:39 UTC] PHP   3. WP_Hook->do_action() /Users/davidcarrano/Local Sites/fictional-university-2/app/public/wp-includes/plugin.php:524
[23-Sep-2022 15:00:39 UTC] PHP   4. WP_Hook->apply_filters() /Users/davidcarrano/Local Sites/fictional-university-2/app/public/wp-includes/class-wp-hook.php:331
[23-Sep-2022 15:00:39 UTC] PHP   5. wp_update_plugins() /Users/davidcarrano/Local Sites/fictional-university-2/app/public/wp-includes/class-wp-hook.php:307
[23-Sep-2022 15:00:39 UTC] PHP   6. trigger_error() /Users/davidcarrano/Local Sites/fictional-university-2/app/public/wp-includes/update.php:410
[23-Sep-2022 15:00:39 UTC] PHP Warning:  An unexpected error occurred. Something may be wrong with WordPress.org or this server&#8217;s configuration. If you continue to have problems, please try the <a href="https://wordpress.org/support/forums/">support forums</a>. (WordPress could not establish a secure connection to WordPress.org. Please contact your server administrator.) in /Users/davidcarrano/Local Sites/fictional-university-2/app/public/wp-includes/update.php on line 690
[23-Sep-2022 15:00:39 UTC] PHP Stack trace:
[23-Sep-2022 15:00:39 UTC] PHP   1. {main}() /Users/davidcarrano/Local Sites/fictional-university-2/app/public/wp-cron.php:0
[23-Sep-2022 15:00:39 UTC] PHP   2. do_action_ref_array() /Users/davidcarrano/Local Sites/fictional-university-2/app/public/wp-cron.php:138
[23-Sep-2022 15:00:39 UTC] PHP   3. WP_Hook->do_action() /Users/davidcarrano/Local Sites/fictional-university-2/app/public/wp-includes/plugin.php:524
[23-Sep-2022 15:00:39 UTC] PHP   4. WP_Hook->apply_filters() /Users/davidcarrano/Local Sites/fictional-university-2/app/public/wp-includes/class-wp-hook.php:331
[23-Sep-2022 15:00:39 UTC] PHP   5. wp_update_themes() /Users/davidcarrano/Local Sites/fictional-university-2/app/public/wp-includes/class-wp-hook.php:307
[23-Sep-2022 15:00:39 UTC] PHP   6. trigger_error() /Users/davidcarrano/Local Sites/fictional-university-2/app/public/wp-includes/update.php:690
